

=== Thu Sep 21 00:35:49 2023
=== Received Data  --  GET  /

=== Thu Sep 21 00:35:49 2023
=== send Data:
HTTP/1.1 200 OK
Connection: close
Content-Type: text/html
Content-Length: 776



=== Thu Sep 21 00:35:49 2023
=== Received Data  --  GET  /styles/styleIndex.css

=== Thu Sep 21 00:35:49 2023
=== send Data:
HTTP/1.1 200 OK
Connection: close
Content-Type: text/css
Content-Length: 2277



=== Thu Sep 21 00:35:49 2023
=== Received Data  --  GET  /scripts/script.js

=== Thu Sep 21 00:35:49 2023
=== send Data:
HTTP/1.1 200 OK
Connection: close
Content-Type: text/javascript
Content-Length: 4001



=== Thu Sep 21 00:35:49 2023
=== Received Data  --  GET  /images/yeee.jpg

=== Thu Sep 21 00:35:52 2023
=== Received Data  --  GET  /cgi.html

=== Thu Sep 21 00:35:52 2023
=== send Data:
HTTP/1.1 200 OK
Connection: close
Content-Type: text/html
Content-Length: 443



=== Thu Sep 21 00:35:54 2023
=== Received Data  --  GET  /cgi-bin/simple.py?name=sds

=== Thu Sep 21 00:35:56 2023
=== send Data:
HTTP/1.1 500 Internal Server Error
Connection: close
Content-Type: text/html
Content-Length: 3130



=== Thu Sep 21 00:35:58 2023
=== Received Data  --  GET  /

=== Thu Sep 21 00:35:58 2023
=== send Data:
HTTP/1.1 200 OK
Connection: close
Content-Type: text/html
Content-Length: 768



=== Thu Sep 21 00:35:58 2023
=== Received Data  --  GET  /styles/styleIndex.css

=== Thu Sep 21 00:35:58 2023
=== send Data:
HTTP/1.1 200 OK
Connection: close
Content-Type: text/css
Content-Length: 2277



=== Thu Sep 21 00:35:58 2023
=== Received Data  --  GET  /scripts/script.js

=== Thu Sep 21 00:35:58 2023
=== send Data:
HTTP/1.1 200 OK
Connection: close
Content-Type: text/javascript
Content-Length: 4001



=== Thu Sep 21 00:35:58 2023
=== Received Data  --  GET  /images/yeee.jpg

=== Thu Sep 21 00:36:01 2023
=== Received Data  --  GET  /cgi.html

=== Thu Sep 21 00:36:01 2023
=== send Data:
HTTP/1.1 200 OK
Connection: close
Content-Type: text/html
Content-Length: 443



=== Thu Sep 21 00:36:02 2023
=== Received Data  --  GET  /cgi-bin/simple.py?name=sdd

=== Thu Sep 21 00:36:03 2023
=== send Data:
root//cgi-bin/simple.py

=== Thu Sep 21 00:36:03 2023
=== Received Data  --  GET  /cgi-bin/simple.py?name=sdd

=== Thu Sep 21 00:36:03 2023
=== send Data:
root//cgi-bin/simple.py

=== Thu Sep 21 00:36:03 2023
=== Received Data  --  GET  /cgi-bin/simple.py?name=sdd

=== Thu Sep 21 00:36:03 2023
=== send Data:
root//cgi-bin/simple.py

=== Thu Sep 21 00:36:03 2023
=== Received Data  --  GET  /cgi-bin/simple.py?name=sdd

=== Thu Sep 21 00:36:03 2023
=== send Data:
root//cgi-bin/simple.py

=== Thu Sep 21 00:36:03 2023
=== Received Data  --  GET  /cgi-bin/simple.py?name=sdd

=== Thu Sep 21 00:36:03 2023
=== send Data:
root//cgi-bin/simple.py

=== Thu Sep 21 00:36:03 2023
=== Received Data  --  GET  /cgi-bin/simple.py?name=sdd

=== Thu Sep 21 00:36:04 2023
=== send Data:
root//cgi-bin/simple.py

=== Thu Sep 21 00:36:04 2023
=== Received Data  --  GET  /cgi-bin/simple.py?name=sdd

=== Thu Sep 21 00:36:04 2023
=== send Data:
root//cgi-bin/simple.py

=== Thu Sep 21 00:36:04 2023
=== Received Data  --  GET  /cgi-bin/simple.py?name=sdd

=== Thu Sep 21 00:36:04 2023
=== send Data:
root//cgi-bin/simple.py

=== Thu Sep 21 00:36:04 2023
=== Received Data  --  GET  /cgi-bin/simple.py?name=sdd

=== Thu Sep 21 00:36:04 2023
=== send Data:
root//cgi-bin/simple.py

=== Thu Sep 21 00:36:04 2023
=== Received Data  --  GET  /cgi-bin/simple.py?name=sdd

=== Thu Sep 21 00:36:04 2023
=== send Data:
root//cgi-bin/simple.py

=== Thu Sep 21 00:36:04 2023
=== Received Data  --  GET  /cgi-bin/simple.py?name=sdd

=== Thu Sep 21 00:36:04 2023
=== send Data:
root//cgi-bin/simple.py

=== Thu Sep 21 00:36:04 2023
=== Received Data  --  GET  /cgi-bin/simple.py?name=sdd

=== Thu Sep 21 00:36:05 2023
=== send Data:
root//cgi-bin/simple.py

=== Thu Sep 21 00:36:05 2023
=== Received Data  --  GET  /cgi-bin/simple.py?name=sdd

=== Thu Sep 21 00:36:05 2023
=== send Data:
root//cgi-bin/simple.py

=== Thu Sep 21 00:36:05 2023
=== Received Data  --  GET  /cgi-bin/simple.py?name=sdd

=== Thu Sep 21 00:36:05 2023
=== send Data:
root//cgi-bin/simple.py

=== Thu Sep 21 00:40:18 2023
=== Received Data  --  GET  /cgi-bin/simple.py?name=sdd

=== Thu Sep 21 00:40:18 2023
=== send Data:
root//cgi-bin/simple.py

=== Thu Sep 21 00:40:18 2023
=== Received Data  --  GET  /cgi-bin/simple.py?name=sdd

=== Thu Sep 21 00:40:18 2023
=== send Data:
root//cgi-bin/simple.py

=== Thu Sep 21 00:40:18 2023
=== Received Data  --  GET  /cgi-bin/simple.py?name=sdd

=== Thu Sep 21 00:40:18 2023
=== send Data:
root//cgi-bin/simple.py

=== Thu Sep 21 00:40:18 2023
=== Received Data  --  GET  /cgi-bin/simple.py?name=sdd

=== Thu Sep 21 00:40:18 2023
=== send Data:
root//cgi-bin/simple.py

=== Thu Sep 21 00:40:18 2023
=== Received Data  --  GET  /cgi-bin/simple.py?name=sdd

=== Thu Sep 21 00:40:18 2023
=== send Data:
root//cgi-bin/simple.py

=== Thu Sep 21 00:40:18 2023
=== Received Data  --  GET  /cgi-bin/simple.py?name=sdd

=== Thu Sep 21 00:40:19 2023
=== send Data:
root//cgi-bin/simple.py

=== Thu Sep 21 00:40:19 2023
=== Received Data  --  GET  /cgi-bin/simple.py?name=sdd

=== Thu Sep 21 00:40:19 2023
=== send Data:
root//cgi-bin/simple.py

=== Thu Sep 21 00:40:19 2023
=== Received Data  --  GET  /cgi-bin/simple.py?name=sdd

=== Thu Sep 21 00:40:19 2023
=== send Data:
root//cgi-bin/simple.py

=== Thu Sep 21 00:40:19 2023
=== Received Data  --  GET  /cgi-bin/simple.py?name=sdd

=== Thu Sep 21 00:40:19 2023
=== send Data:
root//cgi-bin/simple.py

=== Thu Sep 21 00:40:19 2023
=== Received Data  --  GET  /cgi-bin/simple.py?name=sdd

=== Thu Sep 21 00:40:19 2023
=== send Data:
root//cgi-bin/simple.py

=== Thu Sep 21 00:40:19 2023
=== Received Data  --  GET  /cgi-bin/simple.py?name=sdd

=== Thu Sep 21 00:40:20 2023
=== send Data:
root//cgi-bin/simple.py

=== Thu Sep 21 00:40:20 2023
=== Received Data  --  GET  /cgi-bin/simple.py?name=sdd

=== Thu Sep 21 00:40:20 2023
=== send Data:
root//cgi-bin/simple.py

=== Thu Sep 21 00:40:20 2023
=== Received Data  --  GET  /cgi-bin/simple.py?name=sdd

=== Thu Sep 21 00:40:20 2023
=== send Data:
root//cgi-bin/simple.py

=== Thu Sep 21 00:41:33 2023
=== Received Data  --  GET  /favicon.ico

=== Thu Sep 21 00:41:33 2023
=== send Data:
HTTP/1.1 200 OK
Connection: close
Content-Type: image/vnd.microsoft.icon
Content-Length: 15406



=== Thu Sep 21 00:41:37 2023
=== Received Data  --  GET  /cgi-bin/simple.py?name=sddkl

=== Thu Sep 21 00:41:37 2023
=== send Data:
root//cgi-bin/simple.py

=== Thu Sep 21 00:41:37 2023
=== Received Data  --  GET  /cgi-bin/simple.py?name=sddkl

=== Thu Sep 21 00:41:37 2023
=== send Data:
root//cgi-bin/simple.py

=== Thu Sep 21 00:41:37 2023
=== Received Data  --  GET  /cgi-bin/simple.py?name=sddkl

=== Thu Sep 21 00:41:37 2023
=== send Data:
root//cgi-bin/simple.py

=== Thu Sep 21 00:41:37 2023
=== Received Data  --  GET  /cgi-bin/simple.py?name=sddkl

=== Thu Sep 21 00:41:38 2023
=== send Data:
root//cgi-bin/simple.py

=== Thu Sep 21 00:41:38 2023
=== Received Data  --  GET  /cgi-bin/simple.py?name=sddkl

=== Thu Sep 21 00:41:38 2023
=== send Data:
root//cgi-bin/simple.py

=== Thu Sep 21 00:41:38 2023
=== Received Data  --  GET  /cgi-bin/simple.py?name=sddkl

=== Thu Sep 21 00:41:38 2023
=== send Data:
root//cgi-bin/simple.py

=== Thu Sep 21 00:41:38 2023
=== Received Data  --  GET  /cgi-bin/simple.py?name=sddkl

=== Thu Sep 21 00:41:38 2023
=== send Data:
root//cgi-bin/simple.py

=== Thu Sep 21 00:41:38 2023
=== Received Data  --  GET  /cgi-bin/simple.py?name=sddkl

=== Thu Sep 21 00:41:38 2023
=== send Data:
root//cgi-bin/simple.py

=== Thu Sep 21 00:46:00 2023
=== Received Data  --  GET  /cgi-bin/simple.py?name=sddkl

=== Thu Sep 21 00:46:00 2023
=== send Data:
root//cgi-bin/simple.py

=== Thu Sep 21 00:46:02 2023
=== Received Data  --  GET  /cgi-bin/simple.py?name=sddkl

=== Thu Sep 21 00:46:02 2023
=== send Data:
root//cgi-bin/simple.py

=== Thu Sep 21 00:46:09 2023
=== Received Data  --  GET  /images/yeee.jpg

=== Thu Sep 21 00:46:11 2023
=== Received Data  --  GET  /cgi-bin/simple.py?name=sddklasda

=== Thu Sep 21 00:46:12 2023
=== send Data:
root//cgi-bin/simple.py

=== Thu Sep 21 00:46:20 2023
=== Received Data  --  GET  /cgi-bin/simple.py?name=sddklasdaasd

=== Thu Sep 21 00:46:20 2023
=== send Data:
root//cgi-bin/simple.py

=== Thu Sep 21 00:46:23 2023
=== Received Data  --  GET  /favicon.ico

=== Thu Sep 21 00:46:23 2023
=== send Data:
HTTP/1.1 200 OK
Connection: close
Content-Type: image/vnd.microsoft.icon
Content-Length: 15406



=== Thu Sep 21 00:46:24 2023
=== Received Data  --  GET  /favicon.ico

=== Thu Sep 21 00:46:24 2023
=== send Data:
HTTP/1.1 200 OK
Connection: close
Content-Type: image/vnd.microsoft.icon
Content-Length: 15406



=== Thu Sep 21 00:46:26 2023
=== Received Data  --  GET  /cgi-bin/simple.py?name=sddklasdaasdsd

=== Thu Sep 21 00:46:26 2023
=== send Data:
root//cgi-bin/simple.py

=== Thu Sep 21 00:46:29 2023
=== Received Data  --  GET  /favicon.ico

=== Thu Sep 21 00:46:29 2023
=== send Data:
HTTP/1.1 200 OK
Connection: close
Content-Type: image/vnd.microsoft.icon
Content-Length: 15406



=== Thu Sep 21 00:46:32 2023
=== Received Data  --  GET  /favicon.ico

=== Thu Sep 21 00:46:32 2023
=== send Data:
HTTP/1.1 200 OK
Connection: close
Content-Type: image/vnd.microsoft.icon
Content-Length: 15406



=== Thu Sep 21 00:46:33 2023
=== Received Data  --  GET  /cgi-bin/simple.py?name=sddklasdaasdsdaa

=== Thu Sep 21 00:46:33 2023
=== send Data:
root//cgi-bin/simple.py

=== Thu Sep 21 00:46:37 2023
=== Received Data  --  POST  /cgi-bin/simple.py

=== Thu Sep 21 00:46:53 2023
=== Received Data  --  GET  /favicon.ico

=== Thu Sep 21 00:46:53 2023
=== send Data:
HTTP/1.1 200 OK
Connection: close
Content-Type: image/vnd.microsoft.icon
Content-Length: 15406



=== Thu Sep 21 00:46:53 2023
=== Received Data  --  GET  /favicon.ico

=== Thu Sep 21 00:46:53 2023
=== send Data:
HTTP/1.1 200 OK
Connection: close
Content-Type: image/vnd.microsoft.icon
Content-Length: 15406



=== Thu Sep 21 00:46:53 2023
=== Received Data  --  GET  /favicon.ico

=== Thu Sep 21 00:46:53 2023
=== send Data:
HTTP/1.1 200 OK
Connection: close
Content-Type: image/vnd.microsoft.icon
Content-Length: 15406



=== Thu Sep 21 00:46:53 2023
=== Received Data  --  GET  /favicon.ico

=== Thu Sep 21 00:46:53 2023
=== send Data:
HTTP/1.1 200 OK
Connection: close
Content-Type: image/vnd.microsoft.icon
Content-Length: 15406



=== Thu Sep 21 00:46:53 2023
=== Received Data  --  GET  /favicon.ico

=== Thu Sep 21 00:46:53 2023
=== send Data:
HTTP/1.1 200 OK
Connection: close
Content-Type: image/vnd.microsoft.icon
Content-Length: 15406



=== Thu Sep 21 00:46:54 2023
=== Received Data  --  GET  /favicon.ico

=== Thu Sep 21 00:46:54 2023
=== send Data:
HTTP/1.1 200 OK
Connection: close
Content-Type: image/vnd.microsoft.icon
Content-Length: 15406



=== Thu Sep 21 00:51:39 2023
=== Received Data  --  GET  /

=== Thu Sep 21 00:51:39 2023
=== send Data:
HTTP/1.1 200 OK
Connection: close
Content-Type: text/html
Content-Length: 794



=== Thu Sep 21 00:51:39 2023
=== Received Data  --  GET  /styles/styleIndex.css

=== Thu Sep 21 00:51:39 2023
=== send Data:
HTTP/1.1 200 OK
Connection: close
Content-Type: text/css
Content-Length: 2277



=== Thu Sep 21 00:51:39 2023
=== Received Data  --  GET  /scripts/script.js

=== Thu Sep 21 00:51:39 2023
=== send Data:
HTTP/1.1 200 OK
Connection: close
Content-Type: text/javascript
Content-Length: 4001



=== Thu Sep 21 00:51:39 2023
=== Received Data  --  GET  /images/yeee.jpg

=== Thu Sep 21 00:51:39 2023
=== Received Data  --  GET  /favicon.ico

=== Thu Sep 21 00:51:39 2023
=== send Data:
HTTP/1.1 200 OK
Connection: close
Content-Type: image/vnd.microsoft.icon
Content-Length: 15406



=== Thu Sep 21 00:51:40 2023
=== Received Data  --  GET  /cgi.html

=== Thu Sep 21 00:51:40 2023
=== send Data:
HTTP/1.1 200 OK
Connection: close
Content-Type: text/html
Content-Length: 443



=== Thu Sep 21 00:51:40 2023
=== Received Data  --  GET  /favicon.ico

=== Thu Sep 21 00:51:40 2023
=== send Data:
HTTP/1.1 200 OK
Connection: close
Content-Type: image/vnd.microsoft.icon
Content-Length: 15406



=== Thu Sep 21 00:51:42 2023
=== Received Data  --  POST  /cgi-bin/simple.py

=== Thu Sep 21 00:51:43 2023
=== Done receiving Data

=== Thu Sep 21 00:51:43 2023
=== Received Data  --  POST  /cgi-bin/simple.py

=== Thu Sep 21 00:53:22 2023
=== Received Data  --  GET  /favicon.ico

=== Thu Sep 21 00:53:22 2023
=== send Data:
HTTP/1.1 200 OK
Connection: close
Content-Type: image/vnd.microsoft.icon
Content-Length: 15406



=== Thu Sep 21 00:53:23 2023
=== Received Data  --  POST  /cgi-bin/simple.py

=== Thu Sep 21 00:58:30 2023
=== Received Data  --  GET  /favicon.ico

=== Thu Sep 21 00:58:30 2023
=== send Data:
HTTP/1.1 200 OK
Connection: close
Content-Type: image/vnd.microsoft.icon
Content-Length: 15406



=== Thu Sep 21 00:58:31 2023
=== Received Data  --  POST  /cgi-bin/simple.py

=== Thu Sep 21 08:29:06 2023
=== Received Data  --  GET  /

=== Thu Sep 21 08:29:06 2023
=== send Data:
HTTP/1.1 200 OK
Connection: close
Content-Type: text/html
Content-Length: 794



=== Thu Sep 21 08:29:06 2023
=== Received Data  --  GET  /styles/styleIndex.css

=== Thu Sep 21 08:29:06 2023
=== send Data:
HTTP/1.1 200 OK
Connection: close
Content-Type: text/css
Content-Length: 2277



=== Thu Sep 21 08:29:06 2023
=== Received Data  --  GET  /scripts/script.js

=== Thu Sep 21 08:29:06 2023
=== send Data:
HTTP/1.1 200 OK
Connection: close
Content-Type: text/javascript
Content-Length: 4001



=== Thu Sep 21 08:29:06 2023
=== Received Data  --  GET  /images/yeee.jpg

=== Thu Sep 21 08:29:08 2023
=== Received Data  --  GET  /cgi.html

=== Thu Sep 21 08:29:08 2023
=== send Data:
HTTP/1.1 200 OK
Connection: close
Content-Type: text/html
Content-Length: 443



=== Thu Sep 21 08:29:09 2023
=== Received Data  --  POST  /cgi-bin/simple.py

=== Thu Sep 21 08:29:11 2023
=== send Data:
HTTP/1.1 500 Internal Server Error
Connection: close
Content-Type: text/html
Content-Length: 3130



=== Thu Sep 21 08:29:11 2023
=== Done receiving Data

=== Thu Sep 21 08:29:14 2023
=== Received Data  --  GET  /

=== Thu Sep 21 08:29:14 2023
=== send Data:
HTTP/1.1 200 OK
Connection: close
Content-Type: text/html
Content-Length: 786



=== Thu Sep 21 08:29:14 2023
=== Received Data  --  GET  /styles/styleIndex.css

=== Thu Sep 21 08:29:14 2023
=== send Data:
HTTP/1.1 200 OK
Connection: close
Content-Type: text/css
Content-Length: 2277



=== Thu Sep 21 08:29:14 2023
=== Received Data  --  GET  /scripts/script.js

=== Thu Sep 21 08:29:14 2023
=== send Data:
HTTP/1.1 200 OK
Connection: close
Content-Type: text/javascript
Content-Length: 4001



=== Thu Sep 21 08:29:14 2023
=== Received Data  --  GET  /images/yeee.jpg

=== Thu Sep 21 08:29:20 2023
=== Received Data  --  GET  /cgi.html

=== Thu Sep 21 08:29:20 2023
=== send Data:
HTTP/1.1 200 OK
Connection: close
Content-Type: text/html
Content-Length: 443



=== Thu Sep 21 08:29:21 2023
=== Received Data  --  GET  /cgi-bin/simple.py?name=werew

=== Thu Sep 21 08:29:22 2023
=== send Data:
root//cgi-bin/simple.py

=== Thu Sep 21 08:29:36 2023
=== Received Data  --  POST  /cgi-bin/simple.py

=== Thu Sep 21 08:29:36 2023
=== send Data:
root//cgi-bin/simple.py

=== Thu Sep 21 08:29:39 2023
=== Received Data  --  POST  /cgi-bin/simple.py

=== Thu Sep 21 08:29:39 2023
=== send Data:
root//cgi-bin/simple.py

=== Thu Sep 21 08:31:20 2023
=== Done receiving Data

=== Thu Sep 21 09:11:15 2023
=== Done receiving Data

=== Thu Sep 21 09:14:58 2023
=== Received Data  --  GET  /

=== Thu Sep 21 09:14:58 2023
=== send Data:
HTTP/1.1 200 OK
Connection: close
Content-Type: text/html
Content-Length: 794



=== Thu Sep 21 09:14:58 2023
=== Received Data  --  GET  /styles/styleIndex.css

=== Thu Sep 21 09:14:58 2023
=== send Data:
HTTP/1.1 200 OK
Connection: close
Content-Type: text/css
Content-Length: 2277



=== Thu Sep 21 09:14:58 2023
=== Received Data  --  GET  /scripts/script.js

=== Thu Sep 21 09:14:58 2023
=== send Data:
HTTP/1.1 200 OK
Connection: close
Content-Type: text/javascript
Content-Length: 4001



=== Thu Sep 21 09:14:58 2023
=== Received Data  --  GET  /images/yeee.jpg

=== Thu Sep 21 09:14:58 2023
=== Received Data  --  GET  /favicon.ico

=== Thu Sep 21 09:14:58 2023
=== send Data:
HTTP/1.1 200 OK
Connection: close
Content-Type: image/vnd.microsoft.icon
Content-Length: 15406



=== Thu Sep 21 09:15:08 2023
=== Received Data  --  GET  /index.html

=== Thu Sep 21 09:15:08 2023
=== send Data:
HTTP/1.1 200 OK
Connection: close
Content-Type: text/html
Content-Length: 4310



=== Thu Sep 21 09:15:08 2023
=== Received Data  --  GET  /styles/styles.css

=== Thu Sep 21 09:15:08 2023
=== send Data:
HTTP/1.1 200 OK
Connection: close
Content-Type: text/css
Content-Length: 3190



=== Thu Sep 21 09:15:08 2023
=== Received Data  --  GET  /scripts/deleteScript.js

=== Thu Sep 21 09:15:08 2023
=== send Data:
HTTP/1.1 200 OK
Connection: close
Content-Type: text/javascript
Content-Length: 1101



=== Thu Sep 21 09:15:08 2023
=== Received Data  --  GET  /images/yeee.jpg

=== Thu Sep 21 09:15:47 2023
=== Received Data  --  GET  /scripts/deleteScript.js

=== Thu Sep 21 09:15:47 2023
=== send Data:
HTTP/1.1 200 OK
Connection: close
Content-Type: text/javascript
Content-Length: 1101



=== Thu Sep 21 09:15:52 2023
=== Received Data  --  GET  /images/yeee.jpg

=== Thu Sep 21 09:15:53 2023
=== Received Data  --  GET  /images/yeee.jpg

=== Thu Sep 21 09:15:56 2023
=== Received Data  --  GET  /styles/styleIndex.css

=== Thu Sep 21 09:15:56 2023
=== send Data:
HTTP/1.1 200 OK
Connection: close
Content-Type: text/css
Content-Length: 2277



=== Thu Sep 21 09:15:58 2023
=== Received Data  --  GET  /images/smiling_dog.jpeg

=== Thu Sep 21 09:15:59 2023
=== Received Data  --  GET  /images/smiling_dog.jpeg

=== Thu Sep 21 09:16:02 2023
=== Received Data  --  GET  /images/smiling_dog.jpeg

=== Thu Sep 21 09:16:03 2023
=== Received Data  --  GET  /images/smiling_dog.jpeg

=== Thu Sep 21 09:16:08 2023
=== Received Data  --  GET  /images/smiling_dog.jpeg

=== Thu Sep 21 09:16:28 2023
=== Received Data  --  GET  /

=== Thu Sep 21 09:16:28 2023
=== send Data:
HTTP/1.1 200 OK
Connection: close
Content-Type: text/html
Content-Length: 794



=== Thu Sep 21 09:16:28 2023
=== Received Data  --  GET  /styles/styleIndex.css

=== Thu Sep 21 09:16:28 2023
=== send Data:
HTTP/1.1 200 OK
Connection: close
Content-Type: text/css
Content-Length: 2277



=== Thu Sep 21 09:16:28 2023
=== Received Data  --  GET  /scripts/script.js

=== Thu Sep 21 09:16:28 2023
=== send Data:
HTTP/1.1 200 OK
Connection: close
Content-Type: text/javascript
Content-Length: 4001



=== Thu Sep 21 09:16:28 2023
=== Received Data  --  GET  /images/yeee.jpg

=== Thu Sep 21 09:16:33 2023
=== Received Data  --  GET  /index.html

=== Thu Sep 21 09:16:33 2023
=== send Data:
HTTP/1.1 200 OK
Connection: close
Content-Type: text/html
Content-Length: 4310



=== Thu Sep 21 09:16:33 2023
=== Received Data  --  GET  /styles/styles.css

=== Thu Sep 21 09:16:33 2023
=== send Data:
HTTP/1.1 200 OK
Connection: close
Content-Type: text/css
Content-Length: 3190



=== Thu Sep 21 09:16:33 2023
=== Received Data  --  GET  /scripts/deleteScript.js

=== Thu Sep 21 09:16:33 2023
=== send Data:
HTTP/1.1 200 OK
Connection: close
Content-Type: text/javascript
Content-Length: 1101



=== Thu Sep 21 09:16:33 2023
=== Received Data  --  GET  /images/yeee.jpg

=== Thu Sep 21 09:16:35 2023
=== Received Data  --  GET  /styles/styleIndex.css

=== Thu Sep 21 09:16:35 2023
=== send Data:
HTTP/1.1 200 OK
Connection: close
Content-Type: text/css
Content-Length: 2277



=== Thu Sep 21 09:16:44 2023
=== Received Data  --  GET  /images/shrek.jpeg

=== Thu Sep 21 09:16:44 2023
=== Received Data  --  GET  /images/shrek.jpeg

=== Thu Sep 21 09:17:55 2023
=== Received Data  --  GET  /

=== Thu Sep 21 09:17:55 2023
=== send Data:
HTTP/1.1 200 OK
Connection: close
Content-Type: text/html
Content-Length: 794



=== Thu Sep 21 09:17:55 2023
=== Received Data  --  GET  /styles/styleIndex.css

=== Thu Sep 21 09:17:55 2023
=== send Data:
HTTP/1.1 200 OK
Connection: close
Content-Type: text/css
Content-Length: 2277



=== Thu Sep 21 09:17:55 2023
=== Received Data  --  GET  /scripts/script.js

=== Thu Sep 21 09:17:55 2023
=== send Data:
HTTP/1.1 200 OK
Connection: close
Content-Type: text/javascript
Content-Length: 4001



=== Thu Sep 21 09:17:55 2023
=== Received Data  --  GET  /images/yeee.jpg

=== Thu Sep 21 09:17:55 2023
=== Received Data  --  GET  /favicon.ico

=== Thu Sep 21 09:17:55 2023
=== send Data:
HTTP/1.1 200 OK
Connection: close
Content-Type: image/vnd.microsoft.icon
Content-Length: 15406



=== Thu Sep 21 09:18:08 2023
=== Done receiving Data

=== Thu Sep 21 09:18:08 2023
=== Done receiving Data

=== Thu Sep 21 09:21:07 2023
=== Received Data  --  GET  /

=== Thu Sep 21 09:21:08 2023
=== send Data:
HTTP/1.1 200 OK
Connection: close
Content-Type: text/html
Content-Length: 794



=== Thu Sep 21 09:21:08 2023
=== Received Data  --  GET  /styles/styleIndex.css

=== Thu Sep 21 09:21:08 2023
=== send Data:
HTTP/1.1 200 OK
Connection: close
Content-Type: text/css
Content-Length: 2277



=== Thu Sep 21 09:21:08 2023
=== Received Data  --  GET  /scripts/script.js

=== Thu Sep 21 09:21:08 2023
=== send Data:
HTTP/1.1 200 OK
Connection: close
Content-Type: text/javascript
Content-Length: 4001



=== Thu Sep 21 09:21:08 2023
=== Received Data  --  GET  /images/yeee.jpg

=== Thu Sep 21 09:29:35 2023
=== Received Data  --  GET  /

=== Thu Sep 21 09:29:35 2023
=== send Data:
HTTP/1.1 200 OK
Connection: close
Content-Type: text/html
Content-Length: 794



=== Thu Sep 21 09:29:35 2023
=== Received Data  --  GET  /styles/styleIndex.css

=== Thu Sep 21 09:29:35 2023
=== send Data:
HTTP/1.1 200 OK
Connection: close
Content-Type: text/css
Content-Length: 2277



=== Thu Sep 21 09:29:35 2023
=== Received Data  --  GET  /scripts/script.js

=== Thu Sep 21 09:29:35 2023
=== send Data:
HTTP/1.1 200 OK
Connection: close
Content-Type: text/javascript
Content-Length: 4001



=== Thu Sep 21 09:29:35 2023
=== Received Data  --  GET  /images/yeee.jpg

=== Thu Sep 21 09:29:37 2023
=== Received Data  --  GET  /cgi.html

=== Thu Sep 21 09:29:37 2023
=== send Data:
HTTP/1.1 200 OK
Connection: close
Content-Type: text/html
Content-Length: 443



=== Thu Sep 21 09:29:41 2023
=== Received Data  --  GET  /index.html

=== Thu Sep 21 09:29:41 2023
=== send Data:
HTTP/1.1 200 OK
Connection: close
Content-Type: text/html
Content-Length: 4310



=== Thu Sep 21 09:29:41 2023
=== Received Data  --  GET  /styles/styles.css

=== Thu Sep 21 09:29:41 2023
=== send Data:
HTTP/1.1 200 OK
Connection: close
Content-Type: text/css
Content-Length: 3190



=== Thu Sep 21 09:29:41 2023
=== Received Data  --  GET  /scripts/deleteScript.js

=== Thu Sep 21 09:29:41 2023
=== send Data:
HTTP/1.1 200 OK
Connection: close
Content-Type: text/javascript
Content-Length: 1101



=== Thu Sep 21 09:29:41 2023
=== Received Data  --  GET  /images/yeee.jpg

=== Thu Sep 21 09:29:42 2023
=== Received Data  --  GET  /cgi.html

=== Thu Sep 21 09:29:42 2023
=== send Data:
HTTP/1.1 200 OK
Connection: close
Content-Type: text/html
Content-Length: 443



=== Thu Sep 21 09:29:43 2023
=== Received Data  --  GET  /cgi-bin/simple.py?name=asda

=== Thu Sep 21 09:29:43 2023
=== send Data:
root//cgi-bin/simple.py

=== Thu Sep 21 09:29:48 2023
=== Received Data  --  GET  /cgi-bin/simple.py?name=asdasd

=== Thu Sep 21 09:29:49 2023
=== send Data:
root//cgi-bin/simple.py

=== Thu Sep 21 09:30:04 2023
=== Received Data  --  GET  /cgi-bin/simple.py?name=asdasd

=== Thu Sep 21 09:30:04 2023
=== send Data:
root//cgi-bin/simple.py

=== Thu Sep 21 09:30:19 2023
=== Received Data  --  GET  /cgi-bin/simple.py?name=asdasd

=== Thu Sep 21 09:30:19 2023
=== send Data:
root//cgi-bin/simple.py

=== Thu Sep 21 09:30:34 2023
=== Received Data  --  GET  /styles/styles.css

=== Thu Sep 21 09:30:34 2023
=== send Data:
HTTP/1.1 200 OK
Connection: close
Content-Type: text/css
Content-Length: 3190



=== Thu Sep 21 09:30:35 2023
=== Received Data  --  GET  /styles/styleIndex.css

=== Thu Sep 21 09:30:35 2023
=== send Data:
HTTP/1.1 200 OK
Connection: close
Content-Type: text/css
Content-Length: 2277



=== Thu Sep 21 09:30:37 2023
=== Received Data  --  GET  /cgi.html

=== Thu Sep 21 09:30:37 2023
=== send Data:
HTTP/1.1 200 OK
Connection: close
Content-Type: text/html
Content-Length: 443



=== Thu Sep 21 09:30:38 2023
=== Received Data  --  POST  /cgi-bin/simple.py

=== Thu Sep 21 09:30:38 2023
=== send Data:
root//cgi-bin/simple.py

=== Thu Sep 21 09:30:44 2023
=== Received Data  --  GET  /cgi-bin/simple.py

=== Thu Sep 21 09:30:44 2023
=== send Data:
root//cgi-bin/simple.py

=== Thu Sep 21 09:30:56 2023
=== Received Data  --  GET  /

=== Thu Sep 21 09:30:56 2023
=== send Data:
HTTP/1.1 200 OK
Connection: close
Content-Type: text/html
Content-Length: 794



=== Thu Sep 21 09:30:56 2023
=== Received Data  --  GET  /styles/styleIndex.css

=== Thu Sep 21 09:30:56 2023
=== send Data:
HTTP/1.1 200 OK
Connection: close
Content-Type: text/css
Content-Length: 2277



=== Thu Sep 21 09:30:56 2023
=== Received Data  --  GET  /scripts/script.js

=== Thu Sep 21 09:30:56 2023
=== send Data:
HTTP/1.1 200 OK
Connection: close
Content-Type: text/javascript
Content-Length: 4001



=== Thu Sep 21 09:30:56 2023
=== Received Data  --  GET  /images/yeee.jpg

=== Thu Sep 21 09:30:56 2023
=== Received Data  --  GET  /favicon.ico

=== Thu Sep 21 09:30:56 2023
=== send Data:
HTTP/1.1 200 OK
Connection: close
Content-Type: image/vnd.microsoft.icon
Content-Length: 15406



=== Thu Sep 21 09:31:05 2023
=== Received Data  --  GET  /cgi-bin/simple.py

=== Thu Sep 21 09:31:06 2023
=== send Data:
root//cgi-bin/simple.py

=== Thu Sep 21 09:31:15 2023
=== Received Data  --  GET  /cgi-bin/simple.py

=== Thu Sep 21 09:31:15 2023
=== send Data:
root//cgi-bin/simple.py

=== Thu Sep 21 09:31:18 2023
=== Received Data  --  POST  /cgi-bin/simple.py

=== Thu Sep 21 09:31:19 2023
=== send Data:
root//cgi-bin/simple.py

Thu Sep 21 09:31:19 2023
=== ERROR: Unable to read Data from connected Client

=== Thu Sep 21 09:31:19 2023
=== Done receiving Data

=== Thu Sep 21 09:31:19 2023
=== Received Data  --  POST  /cgi-bin/simple.py

=== Thu Sep 21 09:31:19 2023
=== send Data:
root//cgi-bin/simple.py

=== Thu Sep 21 09:31:21 2023
=== Received Data  --  POST  /cgi-bin/simple.py

=== Thu Sep 21 09:31:21 2023
=== send Data:
root//cgi-bin/simple.py

=== Thu Sep 21 09:31:23 2023
=== Received Data  --  GET  /styles/styleIndex.css

=== Thu Sep 21 09:31:23 2023
=== send Data:
HTTP/1.1 200 OK
Connection: close
Content-Type: text/css
Content-Length: 2277



=== Thu Sep 21 09:31:27 2023
=== Received Data  --  GET  /images/smiling_dog.jpeg

=== Thu Sep 21 09:31:28 2023
=== Received Data  --  GET  /images/smiling_dog.jpeg

=== Thu Sep 21 09:31:33 2023
=== Received Data  --  GET  /images/smiling_dog.jpeg

=== Thu Sep 21 09:32:03 2023
=== Received Data  --  GET  /images/smiling_dog.jpeg

=== Thu Sep 21 09:33:03 2023
=== Done receiving Data

=== Thu Sep 21 09:33:03 2023
=== Received Data  --  GET  /images/smiling_dog.jpeg

=== Thu Sep 21 09:34:56 2023
=== Done receiving Data

=== Thu Sep 21 09:34:58 2023
=== Received Data  --  GET  /cgi.html

=== Thu Sep 21 09:34:58 2023
=== send Data:
HTTP/1.1 200 OK
Connection: close
Content-Type: text/html
Content-Length: 443



=== Thu Sep 21 09:34:59 2023
=== Received Data  --  GET  /cgi-bin/simple.py?name=asd

=== Thu Sep 21 09:34:59 2023
=== send Data:
root//cgi-bin/simple.py

=== Thu Sep 21 09:35:54 2023
=== Received Data  --  GET  /

=== Thu Sep 21 09:35:54 2023
=== send Data:
HTTP/1.1 200 OK
Connection: close
Content-Type: text/html
Content-Length: 794



=== Thu Sep 21 09:35:54 2023
=== Received Data  --  GET  /styles/styleIndex.css

=== Thu Sep 21 09:35:54 2023
=== send Data:
HTTP/1.1 200 OK
Connection: close
Content-Type: text/css
Content-Length: 2277



=== Thu Sep 21 09:35:54 2023
=== Received Data  --  GET  /scripts/script.js

=== Thu Sep 21 09:35:54 2023
=== send Data:
HTTP/1.1 200 OK
Connection: close
Content-Type: text/javascript
Content-Length: 4001



=== Thu Sep 21 09:35:54 2023
=== Received Data  --  GET  /images/yeee.jpg

=== Thu Sep 21 09:35:54 2023
=== Received Data  --  GET  /favicon.ico

=== Thu Sep 21 09:35:54 2023
=== send Data:
HTTP/1.1 200 OK
Connection: close
Content-Type: image/vnd.microsoft.icon
Content-Length: 15406



=== Thu Sep 21 09:36:16 2023
=== Received Data  --  GET  /

=== Thu Sep 21 09:36:16 2023
=== send Data:
HTTP/1.1 200 OK
Connection: close
Content-Type: text/html
Content-Length: 794



=== Thu Sep 21 09:36:16 2023
=== Received Data  --  GET  /styles/styleIndex.css

=== Thu Sep 21 09:36:16 2023
=== send Data:
HTTP/1.1 200 OK
Connection: close
Content-Type: text/css
Content-Length: 2277



=== Thu Sep 21 09:36:16 2023
=== Received Data  --  GET  /scripts/script.js

=== Thu Sep 21 09:36:16 2023
=== send Data:
HTTP/1.1 200 OK
Connection: close
Content-Type: text/javascript
Content-Length: 4001



=== Thu Sep 21 09:36:16 2023
=== Received Data  --  GET  /images/yeee.jpg

=== Thu Sep 21 09:36:16 2023
=== Received Data  --  GET  /favicon.ico

=== Thu Sep 21 09:36:16 2023
=== send Data:
HTTP/1.1 200 OK
Connection: close
Content-Type: image/vnd.microsoft.icon
Content-Length: 15406



=== Thu Sep 21 09:36:18 2023
=== Received Data  --  GET  /cgi.html

=== Thu Sep 21 09:36:18 2023
=== send Data:
HTTP/1.1 200 OK
Connection: close
Content-Type: text/html
Content-Length: 443



=== Thu Sep 21 09:36:18 2023
=== Received Data  --  GET  /favicon.ico

=== Thu Sep 21 09:36:18 2023
=== send Data:
HTTP/1.1 200 OK
Connection: close
Content-Type: image/vnd.microsoft.icon
Content-Length: 15406



=== Thu Sep 21 09:36:21 2023
=== Received Data  --  GET  /cgi-bin/simple.py?name=sdfsf

=== Thu Sep 21 09:36:21 2023
=== send Data:
root//cgi-bin/simple.py

=== Thu Sep 21 09:36:33 2023
=== Received Data  --  POST  /cgi-bin/simple.py

=== Thu Sep 21 09:36:33 2023
=== send Data:
root//cgi-bin/simple.py

=== Thu Sep 21 09:36:52 2023
=== Received Data  --  GET  /favicon.ico

=== Thu Sep 21 09:36:52 2023
=== send Data:
HTTP/1.1 200 OK
Connection: close
Content-Type: image/vnd.microsoft.icon
Content-Length: 15406



=== Thu Sep 21 09:36:54 2023
=== Received Data  --  GET  /favicon.ico

=== Thu Sep 21 09:36:54 2023
=== send Data:
HTTP/1.1 200 OK
Connection: close
Content-Type: image/vnd.microsoft.icon
Content-Length: 15406



=== Thu Sep 21 09:38:15 2023
=== Received Data  --  GET  /favicon.ico

=== Thu Sep 21 09:38:15 2023
=== send Data:
HTTP/1.1 200 OK
Connection: close
Content-Type: image/vnd.microsoft.icon
Content-Length: 15406



=== Thu Sep 21 09:38:15 2023
=== Received Data  --  GET  /favicon.ico

=== Thu Sep 21 09:38:15 2023
=== send Data:
HTTP/1.1 200 OK
Connection: close
Content-Type: image/vnd.microsoft.icon
Content-Length: 15406



=== Thu Sep 21 09:38:17 2023
=== Received Data  --  GET  /images/smiling_dog.jpeg

=== Thu Sep 21 09:38:18 2023
=== Received Data  --  GET  /images/smiling_dog.jpeg

=== Thu Sep 21 09:38:23 2023
=== Received Data  --  GET  /images/smiling_dog.jpeg

=== Thu Sep 21 09:40:51 2023
=== Received Data  --  GET  /cgi.html

=== Thu Sep 21 09:40:51 2023
=== send Data:
HTTP/1.1 200 OK
Connection: close
Content-Type: text/html
Content-Length: 443



=== Thu Sep 21 09:40:51 2023
=== Received Data  --  GET  /favicon.ico

=== Thu Sep 21 09:40:51 2023
=== send Data:
HTTP/1.1 200 OK
Connection: close
Content-Type: image/vnd.microsoft.icon
Content-Length: 15406



=== Thu Sep 21 09:40:52 2023
=== Received Data  --  GET  /cgi-bin/simple.py?name=s

=== Thu Sep 21 09:40:53 2023
=== send Data:
root//cgi-bin/simple.py

=== Thu Sep 21 09:42:12 2023
=== Received Data  --  POST  /cgi-bin/simple.py

=== Thu Sep 21 09:42:12 2023
=== send Data:
root//cgi-bin/simple.py

=== Thu Sep 21 09:42:30 2023
=== Received Data  --  GET  /favicon.ico

=== Thu Sep 21 09:42:30 2023
=== send Data:
HTTP/1.1 200 OK
Connection: close
Content-Type: image/vnd.microsoft.icon
Content-Length: 15406



=== Thu Sep 21 09:42:32 2023
=== Received Data  --  GET  /favicon.ico

=== Thu Sep 21 09:42:32 2023
=== send Data:
HTTP/1.1 200 OK
Connection: close
Content-Type: image/vnd.microsoft.icon
Content-Length: 15406



=== Thu Sep 21 09:50:38 2023
=== Received Data  --  GET  /

=== Thu Sep 21 09:50:38 2023
=== send Data:
HTTP/1.1 200 OK
Connection: close
Content-Type: text/html
Content-Length: 794



=== Thu Sep 21 09:50:38 2023
=== Received Data  --  GET  /styles/styleIndex.css

=== Thu Sep 21 09:50:38 2023
=== send Data:
HTTP/1.1 200 OK
Connection: close
Content-Type: text/css
Content-Length: 2277



=== Thu Sep 21 09:50:38 2023
=== Received Data  --  GET  /scripts/script.js

=== Thu Sep 21 09:50:38 2023
=== send Data:
HTTP/1.1 200 OK
Connection: close
Content-Type: text/javascript
Content-Length: 4001



=== Thu Sep 21 09:50:38 2023
=== Received Data  --  GET  /images/yeee.jpg

=== Thu Sep 21 09:50:38 2023
=== Received Data  --  GET  /favicon.ico

=== Thu Sep 21 09:50:38 2023
=== send Data:
HTTP/1.1 200 OK
Connection: close
Content-Type: image/vnd.microsoft.icon
Content-Length: 15406



=== Thu Sep 21 09:50:45 2023
=== Received Data  --  GET  /images/shrek.jpeg

=== Thu Sep 21 09:50:45 2023
=== Received Data  --  GET  /images/shrek.jpeg
